
  .   ____          _            __ _ _
 /\\ / ___'_ __ _ _(_)_ __  __ _ \ \ \ \
( ( )\___ | '_ | '_| | '_ \/ _` | \ \ \ \
 \\/  ___)| |_)| | | | | || (_| |  ) ) ) )
  '  |____| .__|_| |_|_| |_\__, | / / / /
 =========|_|==============|___/=/_/_/_/

 :: Spring Boot ::                (v4.0.4)

2026-03-24T19:24:17.473-05:00  INFO 65007 --- [springbootCodeql] [           main] c.s.s.SpringbootCodeqlApplication        : Starting SpringbootCodeqlApplication v0.0.1-SNAPSHOT using Java 23.0.2 with PID 65007 (/Users/fayaz/Springboot-samples/springbootCodeql/target/springbootCodeql-0.0.1-SNAPSHOT.jar started by fayaz in /Users/fayaz/Springboot-samples/springbootCodeql)
2026-03-24T19:24:17.475-05:00  INFO 65007 --- [springbootCodeql] [           main] c.s.s.SpringbootCodeqlApplication        : No active profile set, falling back to 1 default profile: "default"
2026-03-24T19:24:17.763-05:00  INFO 65007 --- [springbootCodeql] [           main] .s.d.r.c.RepositoryConfigurationDelegate : Bootstrapping Spring Data JPA repositories in DEFAULT mode.
2026-03-24T19:24:17.771-05:00  INFO 65007 --- [springbootCodeql] [           main] .s.d.r.c.RepositoryConfigurationDelegate : Finished Spring Data repository scanning in 4 ms. Found 0 JPA repository interfaces.
2026-03-24T19:24:17.946-05:00  INFO 65007 --- [springbootCodeql] [           main] o.s.boot.tomcat.TomcatWebServer          : Tomcat initialized with port 8081 (http)
2026-03-24T19:24:17.953-05:00  INFO 65007 --- [springbootCodeql] [           main] o.apache.catalina.core.StandardService   : Starting service [Tomcat]
2026-03-24T19:24:17.953-05:00  INFO 65007 --- [springbootCodeql] [           main] o.apache.catalina.core.StandardEngine    : Starting Servlet engine: [Apache Tomcat/11.0.18]
2026-03-24T19:24:17.965-05:00  INFO 65007 --- [springbootCodeql] [           main] b.w.c.s.WebApplicationContextInitializer : Root WebApplicationContext: initialization completed in 459 ms
2026-03-24T19:24:18.027-05:00  INFO 65007 --- [springbootCodeql] [           main] com.zaxxer.hikari.HikariDataSource       : HikariPool-1 - Starting...
2026-03-24T19:24:18.116-05:00  INFO 65007 --- [springbootCodeql] [           main] com.zaxxer.hikari.pool.HikariPool        : HikariPool-1 - Added connection conn0: url=jdbc:h2:mem:97ff0290-5096-47e5-9477-85262fcdf60d user=SA
2026-03-24T19:24:18.117-05:00  INFO 65007 --- [springbootCodeql] [           main] com.zaxxer.hikari.HikariDataSource       : HikariPool-1 - Start completed.
2026-03-24T19:24:18.140-05:00  INFO 65007 --- [springbootCodeql] [           main] org.hibernate.orm.jpa                    : HHH008540: Processing PersistenceUnitInfo [name: default]
2026-03-24T19:24:18.166-05:00  INFO 65007 --- [springbootCodeql] [           main] org.hibernate.orm.core                   : HHH000001: Hibernate ORM core version 7.2.7.Final
2026-03-24T19:24:18.349-05:00  INFO 65007 --- [springbootCodeql] [           main] o.s.o.j.p.SpringPersistenceUnitInfo      : No LoadTimeWeaver setup: ignoring JPA class transformer
2026-03-24T19:24:18.380-05:00  INFO 65007 --- [springbootCodeql] [           main] org.hibernate.orm.connections.pooling    : HHH10001005: Database info:
	Database JDBC URL [jdbc:h2:mem:97ff0290-5096-47e5-9477-85262fcdf60d]
	Database driver: H2 JDBC Driver
	Database dialect: H2Dialect
	Database version: 2.4.240
	Default catalog/schema: 97FF0290-5096-47E5-9477-85262FCDF60D/PUBLIC
	Autocommit mode: undefined/unknown
	Isolation level: READ_COMMITTED [default READ_COMMITTED]
	JDBC fetch size: 100
	Pool: DataSourceConnectionProvider
	Minimum pool size: undefined/unknown
	Maximum pool size: undefined/unknown
2026-03-24T19:24:18.530-05:00  INFO 65007 --- [springbootCodeql] [           main] org.hibernate.orm.core                   : HHH000489: No JTA platform available (set 'hibernate.transaction.jta.platform' to enable JTA platform integration)
2026-03-24T19:24:18.533-05:00  INFO 65007 --- [springbootCodeql] [           main] j.LocalContainerEntityManagerFactoryBean : Initialized JPA EntityManagerFactory for persistence unit 'default'
2026-03-24T19:24:18.558-05:00  WARN 65007 --- [springbootCodeql] [           main] JpaBaseConfiguration$JpaWebConfiguration : spring.jpa.open-in-view is enabled by default. Therefore, database queries may be performed during view rendering. Explicitly configure spring.jpa.open-in-view to disable this warning
2026-03-24T19:24:18.705-05:00  INFO 65007 --- [springbootCodeql] [           main] o.s.boot.tomcat.TomcatWebServer          : Tomcat started on port 8081 (http) with context path '/'
2026-03-24T19:24:18.716-05:00  INFO 65007 --- [springbootCodeql] [           main] c.s.s.SpringbootCodeqlApplication        : Started SpringbootCodeqlApplication in 1.412 seconds (process running for 1.726)
2026-03-24T19:24:32.672-05:00  INFO 65007 --- [springbootCodeql] [nio-8081-exec-1] o.a.c.c.C.[Tomcat].[localhost].[/]       : Initializing Spring DispatcherServlet 'dispatcherServlet'
2026-03-24T19:24:32.674-05:00  INFO 65007 --- [springbootCodeql] [nio-8081-exec-1] o.s.web.servlet.DispatcherServlet        : Initializing Servlet 'dispatcherServlet'
2026-03-24T19:24:32.674-05:00  INFO 65007 --- [springbootCodeql] [nio-8081-exec-1] o.s.web.servlet.DispatcherServlet        : Completed initialization in 0 ms
2026-03-24T19:46:38.306-05:00  INFO 65007 --- [springbootCodeql] [ionShutdownHook] o.s.boot.tomcat.GracefulShutdown         : Commencing graceful shutdown. Waiting for active requests to complete
2026-03-24T19:46:38.315-05:00  INFO 65007 --- [springbootCodeql] [tomcat-shutdown] o.s.boot.tomcat.GracefulShutdown         : Graceful shutdown complete
2026-03-24T19:46:38.318-05:00  INFO 65007 --- [springbootCodeql] [ionShutdownHook] j.LocalContainerEntityManagerFactoryBean : Closing JPA EntityManagerFactory for persistence unit 'default'
2026-03-24T19:46:38.320-05:00  INFO 65007 --- [springbootCodeql] [ionShutdownHook] com.zaxxer.hikari.HikariDataSource       : HikariPool-1 - Shutdown initiated...
2026-03-24T19:46:38.322-05:00  INFO 65007 --- [springbootCodeql] [ionShutdownHook] com.zaxxer.hikari.HikariDataSource       : HikariPool-1 - Shutdown completed.
