
  .   ____          _            __ _ _
 /\\ / ___'_ __ _ _(_)_ __  __ _ \ \ \ \
( ( )\___ | '_ | '_| | '_ \/ _` | \ \ \ \
 \\/  ___)| |_)| | | | | || (_| |  ) ) ) )
  '  |____| .__|_| |_|_| |_\__, | / / / /
 =========|_|==============|___/=/_/_/_/

 :: Spring Boot ::                (v4.0.4)

2026-03-24T19:45:32.043-05:00  INFO 85264 --- [springbootCodeql] [           main] c.s.s.SpringbootCodeqlApplication        : Starting SpringbootCodeqlApplication v0.0.1-SNAPSHOT using Java 23.0.2 with PID 85264 (/Users/fayaz/Springboot-samples/springbootCodeql/target/springbootCodeql-0.0.1-SNAPSHOT.jar started by fayaz in /Users/fayaz/Springboot-samples/springbootCodeql)
2026-03-24T19:45:32.046-05:00  INFO 85264 --- [springbootCodeql] [           main] c.s.s.SpringbootCodeqlApplication        : No active profile set, falling back to 1 default profile: "default"
2026-03-24T19:45:32.317-05:00  INFO 85264 --- [springbootCodeql] [           main] .s.d.r.c.RepositoryConfigurationDelegate : Bootstrapping Spring Data JPA repositories in DEFAULT mode.
2026-03-24T19:45:32.325-05:00  INFO 85264 --- [springbootCodeql] [           main] .s.d.r.c.RepositoryConfigurationDelegate : Finished Spring Data repository scanning in 4 ms. Found 0 JPA repository interfaces.
2026-03-24T19:45:32.505-05:00  INFO 85264 --- [springbootCodeql] [           main] o.s.boot.tomcat.TomcatWebServer          : Tomcat initialized with port 8080 (http)
2026-03-24T19:45:32.511-05:00  INFO 85264 --- [springbootCodeql] [           main] o.apache.catalina.core.StandardService   : Starting service [Tomcat]
2026-03-24T19:45:32.511-05:00  INFO 85264 --- [springbootCodeql] [           main] o.apache.catalina.core.StandardEngine    : Starting Servlet engine: [Apache Tomcat/11.0.18]
2026-03-24T19:45:32.522-05:00  INFO 85264 --- [springbootCodeql] [           main] b.w.c.s.WebApplicationContextInitializer : Root WebApplicationContext: initialization completed in 444 ms
2026-03-24T19:45:32.588-05:00  INFO 85264 --- [springbootCodeql] [           main] com.zaxxer.hikari.HikariDataSource       : HikariPool-1 - Starting...
2026-03-24T19:45:32.665-05:00  INFO 85264 --- [springbootCodeql] [           main] com.zaxxer.hikari.pool.HikariPool        : HikariPool-1 - Added connection conn0: url=jdbc:h2:mem:a01bf4c6-2593-4ad3-b464-5cb3f8c1791f user=SA
2026-03-24T19:45:32.665-05:00  INFO 85264 --- [springbootCodeql] [           main] com.zaxxer.hikari.HikariDataSource       : HikariPool-1 - Start completed.
2026-03-24T19:45:32.688-05:00  INFO 85264 --- [springbootCodeql] [           main] org.hibernate.orm.jpa                    : HHH008540: Processing PersistenceUnitInfo [name: default]
2026-03-24T19:45:32.712-05:00  INFO 85264 --- [springbootCodeql] [           main] org.hibernate.orm.core                   : HHH000001: Hibernate ORM core version 7.2.7.Final
2026-03-24T19:45:32.907-05:00  INFO 85264 --- [springbootCodeql] [           main] o.s.o.j.p.SpringPersistenceUnitInfo      : No LoadTimeWeaver setup: ignoring JPA class transformer
2026-03-24T19:45:32.940-05:00  INFO 85264 --- [springbootCodeql] [           main] org.hibernate.orm.connections.pooling    : HHH10001005: Database info:
	Database JDBC URL [jdbc:h2:mem:a01bf4c6-2593-4ad3-b464-5cb3f8c1791f]
	Database driver: H2 JDBC Driver
	Database dialect: H2Dialect
	Database version: 2.4.240
	Default catalog/schema: A01BF4C6-2593-4AD3-B464-5CB3F8C1791F/PUBLIC
	Autocommit mode: undefined/unknown
	Isolation level: READ_COMMITTED [default READ_COMMITTED]
	JDBC fetch size: 100
	Pool: DataSourceConnectionProvider
	Minimum pool size: undefined/unknown
	Maximum pool size: undefined/unknown
2026-03-24T19:45:33.084-05:00  INFO 85264 --- [springbootCodeql] [           main] org.hibernate.orm.core                   : HHH000489: No JTA platform available (set 'hibernate.transaction.jta.platform' to enable JTA platform integration)
2026-03-24T19:45:33.087-05:00  INFO 85264 --- [springbootCodeql] [           main] j.LocalContainerEntityManagerFactoryBean : Initialized JPA EntityManagerFactory for persistence unit 'default'
2026-03-24T19:45:33.113-05:00  WARN 85264 --- [springbootCodeql] [           main] JpaBaseConfiguration$JpaWebConfiguration : spring.jpa.open-in-view is enabled by default. Therefore, database queries may be performed during view rendering. Explicitly configure spring.jpa.open-in-view to disable this warning
2026-03-24T19:45:33.275-05:00  INFO 85264 --- [springbootCodeql] [           main] o.s.boot.tomcat.TomcatWebServer          : Tomcat started on port 8080 (http) with context path '/'
2026-03-24T19:45:33.282-05:00  INFO 85264 --- [springbootCodeql] [           main] c.s.s.SpringbootCodeqlApplication        : Started SpringbootCodeqlApplication in 1.409 seconds (process running for 1.66)
2026-03-24T19:46:01.538-05:00  INFO 85264 --- [springbootCodeql] [nio-8080-exec-1] o.a.c.c.C.[Tomcat].[localhost].[/]       : Initializing Spring DispatcherServlet 'dispatcherServlet'
2026-03-24T19:46:01.539-05:00  INFO 85264 --- [springbootCodeql] [nio-8080-exec-1] o.s.web.servlet.DispatcherServlet        : Initializing Servlet 'dispatcherServlet'
2026-03-24T19:46:01.541-05:00  INFO 85264 --- [springbootCodeql] [nio-8080-exec-1] o.s.web.servlet.DispatcherServlet        : Completed initialization in 2 ms
Exception in thread "SpringApplicationShutdownHook" java.lang.NoClassDefFoundError: ch/qos/logback/classic/spi/ThrowableProxy
	at ch.qos.logback.classic.spi.LoggingEvent.<init>(LoggingEvent.java:145)
	at ch.qos.logback.classic.Logger.buildLoggingEventAndAppend(Logger.java:429)
	at ch.qos.logback.classic.Logger.filterAndLog_0_Or3Plus(Logger.java:388)
	at ch.qos.logback.classic.Logger.log(Logger.java:805)
	at org.apache.commons.logging.impl.Slf4jLogFactory$Slf4jLocationAwareLog.log(Slf4jLogFactory.java:126)
	at org.apache.commons.logging.impl.Slf4jLogFactory$Slf4jLocationAwareLog.warn(Slf4jLogFactory.java:146)
	at org.springframework.context.support.AbstractApplicationContext.doClose(AbstractApplicationContext.java:1202)
	at org.springframework.boot.web.server.servlet.context.ServletWebServerApplicationContext.doClose(ServletWebServerApplicationContext.java:176)
	at org.springframework.context.support.AbstractApplicationContext.close(AbstractApplicationContext.java:1153)
	at org.springframework.boot.SpringApplicationShutdownHook.closeAndWait(SpringApplicationShutdownHook.java:147)
	at java.base/java.lang.Iterable.forEach(Iterable.java:75)
	at org.springframework.boot.SpringApplicationShutdownHook.run(SpringApplicationShutdownHook.java:116)
	at java.base/java.lang.Thread.run(Thread.java:1575)
Caused by: java.lang.ClassNotFoundException: ch.qos.logback.classic.spi.ThrowableProxy
	... 13 more
