
  .   ____          _            __ _ _
 /\\ / ___'_ __ _ _(_)_ __  __ _ \ \ \ \
( ( )\___ | '_ | '_| | '_ \/ _` | \ \ \ \
 \\/  ___)| |_)| | | | | || (_| |  ) ) ) )
  '  |____| .__|_| |_|_| |_\__, | / / / /
 =========|_|==============|___/=/_/_/_/

 :: Spring Boot ::                (v4.0.4)

2026-03-24T19:54:16.561-05:00  INFO 90874 --- [springbootCodeql] [           main] c.s.s.SpringbootCodeqlApplication        : Starting SpringbootCodeqlApplication v0.0.1-SNAPSHOT using Java 23.0.2 with PID 90874 (/Users/fayaz/Springboot-samples/springbootCodeql/target/springbootCodeql-0.0.1-SNAPSHOT.jar started by fayaz in /Users/fayaz/Springboot-samples/springbootCodeql)
2026-03-24T19:54:16.564-05:00  INFO 90874 --- [springbootCodeql] [           main] c.s.s.SpringbootCodeqlApplication        : No active profile set, falling back to 1 default profile: "default"
2026-03-24T19:54:16.849-05:00  INFO 90874 --- [springbootCodeql] [           main] .s.d.r.c.RepositoryConfigurationDelegate : Bootstrapping Spring Data JPA repositories in DEFAULT mode.
2026-03-24T19:54:16.858-05:00  INFO 90874 --- [springbootCodeql] [           main] .s.d.r.c.RepositoryConfigurationDelegate : Finished Spring Data repository scanning in 5 ms. Found 0 JPA repository interfaces.
2026-03-24T19:54:17.042-05:00  INFO 90874 --- [springbootCodeql] [           main] o.s.boot.tomcat.TomcatWebServer          : Tomcat initialized with port 8081 (http)
2026-03-24T19:54:17.048-05:00  INFO 90874 --- [springbootCodeql] [           main] o.apache.catalina.core.StandardService   : Starting service [Tomcat]
2026-03-24T19:54:17.048-05:00  INFO 90874 --- [springbootCodeql] [           main] o.apache.catalina.core.StandardEngine    : Starting Servlet engine: [Apache Tomcat/11.0.18]
2026-03-24T19:54:17.058-05:00  INFO 90874 --- [springbootCodeql] [           main] b.w.c.s.WebApplicationContextInitializer : Root WebApplicationContext: initialization completed in 462 ms
2026-03-24T19:54:17.127-05:00  INFO 90874 --- [springbootCodeql] [           main] com.zaxxer.hikari.HikariDataSource       : HikariPool-1 - Starting...
2026-03-24T19:54:17.204-05:00  INFO 90874 --- [springbootCodeql] [           main] com.zaxxer.hikari.pool.HikariPool        : HikariPool-1 - Added connection conn0: url=jdbc:h2:mem:ad7cdbcb-7720-45cd-9139-07be42ce05ff user=SA
2026-03-24T19:54:17.205-05:00  INFO 90874 --- [springbootCodeql] [           main] com.zaxxer.hikari.HikariDataSource       : HikariPool-1 - Start completed.
2026-03-24T19:54:17.229-05:00  INFO 90874 --- [springbootCodeql] [           main] org.hibernate.orm.jpa                    : HHH008540: Processing PersistenceUnitInfo [name: default]
2026-03-24T19:54:17.261-05:00  INFO 90874 --- [springbootCodeql] [           main] org.hibernate.orm.core                   : HHH000001: Hibernate ORM core version 7.2.7.Final
2026-03-24T19:54:17.473-05:00  INFO 90874 --- [springbootCodeql] [           main] o.s.o.j.p.SpringPersistenceUnitInfo      : No LoadTimeWeaver setup: ignoring JPA class transformer
2026-03-24T19:54:17.508-05:00  INFO 90874 --- [springbootCodeql] [           main] org.hibernate.orm.connections.pooling    : HHH10001005: Database info:
	Database JDBC URL [jdbc:h2:mem:ad7cdbcb-7720-45cd-9139-07be42ce05ff]
	Database driver: H2 JDBC Driver
	Database dialect: H2Dialect
	Database version: 2.4.240
	Default catalog/schema: AD7CDBCB-7720-45CD-9139-07BE42CE05FF/PUBLIC
	Autocommit mode: undefined/unknown
	Isolation level: READ_COMMITTED [default READ_COMMITTED]
	JDBC fetch size: 100
	Pool: DataSourceConnectionProvider
	Minimum pool size: undefined/unknown
	Maximum pool size: undefined/unknown
2026-03-24T19:54:17.662-05:00  INFO 90874 --- [springbootCodeql] [           main] org.hibernate.orm.core                   : HHH000489: No JTA platform available (set 'hibernate.transaction.jta.platform' to enable JTA platform integration)
2026-03-24T19:54:17.665-05:00  INFO 90874 --- [springbootCodeql] [           main] j.LocalContainerEntityManagerFactoryBean : Initialized JPA EntityManagerFactory for persistence unit 'default'
2026-03-24T19:54:17.687-05:00  WARN 90874 --- [springbootCodeql] [           main] JpaBaseConfiguration$JpaWebConfiguration : spring.jpa.open-in-view is enabled by default. Therefore, database queries may be performed during view rendering. Explicitly configure spring.jpa.open-in-view to disable this warning
2026-03-24T19:54:17.823-05:00  INFO 90874 --- [springbootCodeql] [           main] o.s.boot.tomcat.TomcatWebServer          : Tomcat started on port 8081 (http) with context path '/'
2026-03-24T19:54:17.830-05:00  INFO 90874 --- [springbootCodeql] [           main] c.s.s.SpringbootCodeqlApplication        : Started SpringbootCodeqlApplication in 1.436 seconds (process running for 1.705)
2026-03-24T19:55:35.825-05:00  INFO 90874 --- [springbootCodeql] [nio-8081-exec-1] o.a.c.c.C.[Tomcat].[localhost].[/]       : Initializing Spring DispatcherServlet 'dispatcherServlet'
2026-03-24T19:55:35.825-05:00  INFO 90874 --- [springbootCodeql] [nio-8081-exec-1] o.s.web.servlet.DispatcherServlet        : Initializing Servlet 'dispatcherServlet'
2026-03-24T19:55:35.831-05:00  INFO 90874 --- [springbootCodeql] [nio-8081-exec-1] o.s.web.servlet.DispatcherServlet        : Completed initialization in 6 ms
2026-03-24T21:41:47.665-05:00  WARN 90874 --- [springbootCodeql] [l-1:housekeeper] com.zaxxer.hikari.pool.HikariPool        : HikariPool-1 - Thread starvation or clock leap detected (housekeeper delta=5m29s368ms).
2026-03-24T22:04:57.911-05:00  WARN 90874 --- [springbootCodeql] [l-1:housekeeper] com.zaxxer.hikari.pool.HikariPool        : HikariPool-1 - Thread starvation or clock leap detected (housekeeper delta=23m10s247ms).
2026-03-24T22:30:26.325-05:00  WARN 90874 --- [springbootCodeql] [l-1:housekeeper] com.zaxxer.hikari.pool.HikariPool        : HikariPool-1 - Thread starvation or clock leap detected (housekeeper delta=25m28s413ms).
2026-03-24T23:17:46.571-05:00  WARN 90874 --- [springbootCodeql] [l-1:housekeeper] com.zaxxer.hikari.pool.HikariPool        : HikariPool-1 - Thread starvation or clock leap detected (housekeeper delta=47m20s247ms).
2026-03-24T23:28:54.077-05:00  WARN 90874 --- [springbootCodeql] [l-1:housekeeper] com.zaxxer.hikari.pool.HikariPool        : HikariPool-1 - Thread starvation or clock leap detected (housekeeper delta=11m7s505ms).
2026-03-24T23:53:47.099-05:00  WARN 90874 --- [springbootCodeql] [l-1:housekeeper] com.zaxxer.hikari.pool.HikariPool        : HikariPool-1 - Thread starvation or clock leap detected (housekeeper delta=24m53s23ms).
2026-03-25T00:01:00.848-05:00  WARN 90874 --- [springbootCodeql] [l-1:housekeeper] com.zaxxer.hikari.pool.HikariPool        : HikariPool-1 - Thread starvation or clock leap detected (housekeeper delta=7m13s748ms).
