Building project (skip tests)...
[INFO] Scanning for projects...
[INFO] 
[INFO] ------------------< com.springboot:springbootCodeql >-------------------
[INFO] Building  0.0.1-SNAPSHOT
[INFO]   from pom.xml
[INFO] --------------------------------[ jar ]---------------------------------
[INFO] 
[INFO] --- resources:3.3.1:resources (default-resources) @ springbootCodeql ---
[INFO] Copying 1 resource from src/main/resources to target/classes
[INFO] Copying 0 resource from src/main/resources to target/classes
[INFO] 
[INFO] --- compiler:3.14.1:compile (default-compile) @ springbootCodeql ---
[INFO] Nothing to compile - all classes are up to date.
[INFO] 
[INFO] --- resources:3.3.1:testResources (default-testResources) @ springbootCodeql ---
[INFO] skip non existing resourceDirectory /Users/fayaz/Springboot-samples/springbootCodeql/src/test/resources
[INFO] 
[INFO] --- compiler:3.14.1:testCompile (default-testCompile) @ springbootCodeql ---
[INFO] Nothing to compile - all classes are up to date.
[INFO] 
[INFO] --- surefire:3.5.5:test (default-test) @ springbootCodeql ---
[INFO] Tests are skipped.
[INFO] 
[INFO] --- jar:3.4.2:jar (default-jar) @ springbootCodeql ---
[INFO] Building jar: /Users/fayaz/Springboot-samples/springbootCodeql/target/springbootCodeql-0.0.1-SNAPSHOT.jar
[INFO] 
[INFO] --- spring-boot:4.0.4:repackage (repackage) @ springbootCodeql ---
[INFO] Replacing main artifact /Users/fayaz/Springboot-samples/springbootCodeql/target/springbootCodeql-0.0.1-SNAPSHOT.jar with repackaged archive, adding nested dependencies in BOOT-INF/.
[INFO] The original artifact has been renamed to /Users/fayaz/Springboot-samples/springbootCodeql/target/springbootCodeql-0.0.1-SNAPSHOT.jar.original
[INFO] ------------------------------------------------------------------------
[INFO] BUILD SUCCESS
[INFO] ------------------------------------------------------------------------
[INFO] Total time:  1.361 s
[INFO] Finished at: 2026-03-24T19:46:38-05:00
[INFO] ------------------------------------------------------------------------
Found existing process(es) running target/springbootCodeql-0.0.1-SNAPSHOT.jar: 65007
66847
83563
85264
Stopping existing process(es) gracefully...
Running jar: target/springbootCodeql-0.0.1-SNAPSHOT.jar on port 8080

  .   ____          _            __ _ _
 /\\ / ___'_ __ _ _(_)_ __  __ _ \ \ \ \
( ( )\___ | '_ | '_| | '_ \/ _` | \ \ \ \
 \\/  ___)| |_)| | | | | || (_| |  ) ) ) )
  '  |____| .__|_| |_|_| |_\__, | / / / /
 =========|_|==============|___/=/_/_/_/

 :: Spring Boot ::                (v4.0.4)

2026-03-24T19:46:40.055-05:00  INFO 85946 --- [springbootCodeql] [           main] c.s.s.SpringbootCodeqlApplication        : Starting SpringbootCodeqlApplication v0.0.1-SNAPSHOT using Java 23.0.2 with PID 85946 (/Users/fayaz/Springboot-samples/springbootCodeql/target/springbootCodeql-0.0.1-SNAPSHOT.jar started by fayaz in /Users/fayaz/Springboot-samples/springbootCodeql)
2026-03-24T19:46:40.057-05:00  INFO 85946 --- [springbootCodeql] [           main] c.s.s.SpringbootCodeqlApplication        : No active profile set, falling back to 1 default profile: "default"
2026-03-24T19:46:40.345-05:00  INFO 85946 --- [springbootCodeql] [           main] .s.d.r.c.RepositoryConfigurationDelegate : Bootstrapping Spring Data JPA repositories in DEFAULT mode.
2026-03-24T19:46:40.354-05:00  INFO 85946 --- [springbootCodeql] [           main] .s.d.r.c.RepositoryConfigurationDelegate : Finished Spring Data repository scanning in 5 ms. Found 0 JPA repository interfaces.
2026-03-24T19:46:40.572-05:00  INFO 85946 --- [springbootCodeql] [           main] o.s.boot.tomcat.TomcatWebServer          : Tomcat initialized with port 8080 (http)
2026-03-24T19:46:40.578-05:00  INFO 85946 --- [springbootCodeql] [           main] o.apache.catalina.core.StandardService   : Starting service [Tomcat]
2026-03-24T19:46:40.579-05:00  INFO 85946 --- [springbootCodeql] [           main] o.apache.catalina.core.StandardEngine    : Starting Servlet engine: [Apache Tomcat/11.0.18]
2026-03-24T19:46:40.590-05:00  INFO 85946 --- [springbootCodeql] [           main] b.w.c.s.WebApplicationContextInitializer : Root WebApplicationContext: initialization completed in 497 ms
2026-03-24T19:46:40.671-05:00  INFO 85946 --- [springbootCodeql] [           main] com.zaxxer.hikari.HikariDataSource       : HikariPool-1 - Starting...
2026-03-24T19:46:40.785-05:00  INFO 85946 --- [springbootCodeql] [           main] com.zaxxer.hikari.pool.HikariPool        : HikariPool-1 - Added connection conn0: url=jdbc:h2:mem:335916cb-16f0-4dd0-b381-181c6c5a861e user=SA
2026-03-24T19:46:40.786-05:00  INFO 85946 --- [springbootCodeql] [           main] com.zaxxer.hikari.HikariDataSource       : HikariPool-1 - Start completed.
2026-03-24T19:46:40.819-05:00  INFO 85946 --- [springbootCodeql] [           main] org.hibernate.orm.jpa                    : HHH008540: Processing PersistenceUnitInfo [name: default]
2026-03-24T19:46:40.852-05:00  INFO 85946 --- [springbootCodeql] [           main] org.hibernate.orm.core                   : HHH000001: Hibernate ORM core version 7.2.7.Final
2026-03-24T19:46:41.090-05:00  INFO 85946 --- [springbootCodeql] [           main] o.s.o.j.p.SpringPersistenceUnitInfo      : No LoadTimeWeaver setup: ignoring JPA class transformer
2026-03-24T19:46:41.125-05:00  INFO 85946 --- [springbootCodeql] [           main] org.hibernate.orm.connections.pooling    : HHH10001005: Database info:
	Database JDBC URL [jdbc:h2:mem:335916cb-16f0-4dd0-b381-181c6c5a861e]
	Database driver: H2 JDBC Driver
	Database dialect: H2Dialect
	Database version: 2.4.240
	Default catalog/schema: 335916CB-16F0-4DD0-B381-181C6C5A861E/PUBLIC
	Autocommit mode: undefined/unknown
	Isolation level: READ_COMMITTED [default READ_COMMITTED]
	JDBC fetch size: 100
	Pool: DataSourceConnectionProvider
	Minimum pool size: undefined/unknown
	Maximum pool size: undefined/unknown
2026-03-24T19:46:41.261-05:00  INFO 85946 --- [springbootCodeql] [           main] org.hibernate.orm.core                   : HHH000489: No JTA platform available (set 'hibernate.transaction.jta.platform' to enable JTA platform integration)
2026-03-24T19:46:41.264-05:00  INFO 85946 --- [springbootCodeql] [           main] j.LocalContainerEntityManagerFactoryBean : Initialized JPA EntityManagerFactory for persistence unit 'default'
2026-03-24T19:46:41.294-05:00  WARN 85946 --- [springbootCodeql] [           main] JpaBaseConfiguration$JpaWebConfiguration : spring.jpa.open-in-view is enabled by default. Therefore, database queries may be performed during view rendering. Explicitly configure spring.jpa.open-in-view to disable this warning
2026-03-24T19:46:41.490-05:00  INFO 85946 --- [springbootCodeql] [           main] o.s.boot.tomcat.TomcatWebServer          : Tomcat started on port 8080 (http) with context path '/'
2026-03-24T19:46:41.498-05:00  INFO 85946 --- [springbootCodeql] [           main] c.s.s.SpringbootCodeqlApplication        : Started SpringbootCodeqlApplication in 1.619 seconds (process running for 1.841)
2026-03-24T19:48:21.707-05:00  INFO 85946 --- [springbootCodeql] [nio-8080-exec-1] o.a.c.c.C.[Tomcat].[localhost].[/]       : Initializing Spring DispatcherServlet 'dispatcherServlet'
2026-03-24T19:48:21.707-05:00  INFO 85946 --- [springbootCodeql] [nio-8080-exec-1] o.s.web.servlet.DispatcherServlet        : Initializing Servlet 'dispatcherServlet'
2026-03-24T19:48:21.708-05:00  INFO 85946 --- [springbootCodeql] [nio-8080-exec-1] o.s.web.servlet.DispatcherServlet        : Completed initialization in 1 ms
2026-03-24T21:41:03.730-05:00  WARN 85946 --- [springbootCodeql] [l-1:housekeeper] com.zaxxer.hikari.pool.HikariPool        : HikariPool-1 - Thread starvation or clock leap detected (housekeeper delta=4m51s726ms).
2026-03-24T21:49:05.662-05:00  WARN 85946 --- [springbootCodeql] [l-1:housekeeper] com.zaxxer.hikari.pool.HikariPool        : HikariPool-1 - Thread starvation or clock leap detected (housekeeper delta=8m1s934ms).
2026-03-24T22:30:20.028-05:00  WARN 85946 --- [springbootCodeql] [l-1:housekeeper] com.zaxxer.hikari.pool.HikariPool        : HikariPool-1 - Thread starvation or clock leap detected (housekeeper delta=41m14s366ms).
2026-03-24T23:01:14.053-05:00  WARN 85946 --- [springbootCodeql] [l-1:housekeeper] com.zaxxer.hikari.pool.HikariPool        : HikariPool-1 - Thread starvation or clock leap detected (housekeeper delta=30m54s25ms).
2026-03-24T23:28:46.151-05:00  WARN 85946 --- [springbootCodeql] [l-1:housekeeper] com.zaxxer.hikari.pool.HikariPool        : HikariPool-1 - Thread starvation or clock leap detected (housekeeper delta=27m32s98ms).
2026-03-24T23:37:23.309-05:00  WARN 85946 --- [springbootCodeql] [l-1:housekeeper] com.zaxxer.hikari.pool.HikariPool        : HikariPool-1 - Thread starvation or clock leap detected (housekeeper delta=8m37s157ms).
2026-03-25T00:00:54.561-05:00  WARN 85946 --- [springbootCodeql] [l-1:housekeeper] com.zaxxer.hikari.pool.HikariPool        : HikariPool-1 - Thread starvation or clock leap detected (housekeeper delta=23m31s253ms).
